Transfer-Encoding--->[chunked]
null--->[HTTP/1.1 200 OK]
Server--->[Apache]
Appid--->[15847527]
Access-Control-Allow-Origin--->[*]
Tracecode--->[17797842000205515018102015]
Connection--->[keep-alive]
Vary--->[Accept-Encoding]
Set-Cookie--->[BAIDUID=F00D9D65953223F608FFB7C667D66C1C:FG=1; expires=Thu, 31-Dec-37 23:55:55 GMT; max-age=2145916555; path=/; domain=.baidu.com; version=1, BAIDUID=268D4602320D4E0B4E99CEA33A06DDE5:FG=1; expires=Mon, 19-Oct-20 07:29:39 GMT; max-age=31536000; path=/; domain=.baidu.com; version=1]
P3p--->[CP=" OTI DSP COR IVA OUR IND COM ", CP=" OTI DSP COR IVA OUR IND COM "]
Date--->[Sun, 20 Oct 2019 07:29:39 GMT]
Content-Type--->[application/json]
result:{"log_id": 4865444093555946772, "result_num": 2, "result": [{"calorie": "182", "has_calorie": true, "baike_info": {"baike_url": "http://baike.baidu.com/item/%E7%B3%96%E9%86%8B%E9%87%8C%E8%84%8A/135832", "image_url": "http://imgsrc.baidu.com/baike/pic/item/962bd40735fae6cd6a81591804b30f2442a70f95.jpg", "description": "糖醋里脊是经典传统名菜之一，以猪里脊肉为主材，配以面粉、淀粉、醋等佐料，酸甜可口，让人食欲大开。在浙菜、鲁菜、川菜、淮扬菜、粤菜里均有此菜。2018年9月10日，“中国菜”在河南省正式发布。糖醋里脊被评为山东十大经典名菜。"}, "probability": "0.948048", "name": "糖醋里脊"}, {"calorie": "318", "has_calorie": true, "name": "糖醋排骨", "probability": "0.0297495"}]}
Transfer-Encoding--->[chunked]
null--->[HTTP/1.1 200 OK]
Server--->[Apache]
Appid--->[15847527]
Access-Control-Allow-Origin--->[*]
Tracecode--->[17892707170314697994102015]
Connection--->[keep-alive]
Vary--->[Accept-Encoding]
Set-Cookie--->[BAIDUID=DC4CB2F35FA6D8BA813912124D10AAD4:FG=1; expires=Thu, 31-Dec-37 23:55:55 GMT; max-age=2145916555; path=/; domain=.baidu.com; version=1, BAIDUID=9D743AB7DBB45E0DD0290153BDD4E838:FG=1; expires=Mon, 19-Oct-20 07:29:49 GMT; max-age=31536000; path=/; domain=.baidu.com; version=1]
P3p--->[CP=" OTI DSP COR IVA OUR IND COM ", CP=" OTI DSP COR IVA OUR IND COM "]
Date--->[Sun, 20 Oct 2019 07:29:49 GMT]
Content-Type--->[application/json]
result:{"log_id": 4518787554185438612, "result_num": 2, "result": [{"calorie": "221", "has_calorie": true, "baike_info": {"baike_url": "http://baike.baidu.com/item/%E6%89%8B%E6%8A%93%E9%A5%AD/753326", "image_url": "http://imgsrc.baidu.com/baike/pic/item/3812b31bb051f81991b0d019d4b44aed2f73e7c8.jpg", "description": "手抓饭是中亚、西亚地区的菜品，维吾尔语称坡罗(polo)波斯语称帕劳(palaw)，土耳其语称皮拉乌(pilav)，在我国新疆主要流传于维吾尔、哈萨克、土克曼、乌兹别克等民族中。主要的原料是新鲜羊肉，胡萝卜、洋葱、清油、羊油,大米，新疆本地的正宗抓饭一般是不放孜然粉、山楂、酱油的，而清真菜肴更是不能放含酒精的料酒的。不过根据所在地食材的品质和个人的口味可以酌量添加自己喜欢的配料。"}, "probability": "0.849968", "name": "手抓饭"}, {"calorie": "221", "has_calorie": true, "name": "肉抓饭", "probability": "0.0602636"}]}
